
> giftmind@0.1.0 build
> next build

   Creating an optimized production build ...
Browserslist: caniuse-lite is outdated. Please run:
  npx update-browserslist-db@latest
  Why you should do it regularly: https://github.com/browserslist/update-db#readme
Browserslist: caniuse-lite is outdated. Please run:
  npx browserslist@latest --update-db
  Why you should do it regularly: https://github.com/browserslist/browserslist#browsers-data-updating
 Γ£ô Compiled successfully
   Skipping linting
   Checking validity of types ...
Failed to compile.

./lib/supabase-client.ts:51:33
Type error: Cannot find name 'supabase'. Did you mean '_supabase'?

  49 |   }
  50 | 
> 51 |   const { data, error } = await supabase
     |                                 ^
  52 |     .from('gifts')
  53 |     .insert(giftData)
  54 |     .select()
